<?xml version="1.0" encoding="UTF-8"?>
<testsuites>
  <testsuite name="" tests="73" assertions="91" errors="0" failures="0" skipped="0" time="94.681036">
    <testsuite name="Unit" tests="40" assertions="46" errors="0" failures="0" skipped="0" time="63.980272">
      <testsuite name="Tests\Unit\Cart\CartTest" file="C:\laragon\www\cart\tests\Unit\Cart\CartTest.php" tests="9" assertions="13" errors="0" failures="0" skipped="0" time="21.407351">
        <testcase name="test_it_can_be_add_products_to_cart" class="Tests\Unit\Cart\CartTest" classname="Tests.Unit.Cart.CartTest" file="C:\laragon\www\cart\tests\Unit\Cart\CartTest.php" line="19" assertions="1" time="11.038020"/>
        <testcase name="test_it_requires_an_array_products" class="Tests\Unit\Cart\CartTest" classname="Tests.Unit.Cart.CartTest" file="C:\laragon\www\cart\tests\Unit\Cart\CartTest.php" line="39" assertions="2" time="1.045362"/>
        <testcase name="test_it_requires_product_to_exists" class="Tests\Unit\Cart\CartTest" classname="Tests.Unit.Cart.CartTest" file="C:\laragon\www\cart\tests\Unit\Cart\CartTest.php" line="55" assertions="2" time="1.075728"/>
        <testcase name="test_it_requires_product_quantity_to_be_numeric" class="Tests\Unit\Cart\CartTest" classname="Tests.Unit.Cart.CartTest" file="C:\laragon\www\cart\tests\Unit\Cart\CartTest.php" line="71" assertions="2" time="2.105287"/>
        <testcase name="test_it_requires_product_quantity_at_least_one" class="Tests\Unit\Cart\CartTest" classname="Tests.Unit.Cart.CartTest" file="C:\laragon\www\cart\tests\Unit\Cart\CartTest.php" line="87" assertions="2" time="1.096187"/>
        <testcase name="test_it_can_be_add_to_user_cart" class="Tests\Unit\Cart\CartTest" classname="Tests.Unit.Cart.CartTest" file="C:\laragon\www\cart\tests\Unit\Cart\CartTest.php" line="103" assertions="1" time="2.161653"/>
        <testcase name="test_it_can_be_increments_quantity_when_adding_more_products" class="Tests\Unit\Cart\CartTest" classname="Tests.Unit.Cart.CartTest" file="C:\laragon\www\cart\tests\Unit\Cart\CartTest.php" line="126" assertions="1" time="1.121505"/>
        <testcase name="test_it_can_delete_product" class="Tests\Unit\Cart\CartTest" classname="Tests.Unit.Cart.CartTest" file="C:\laragon\www\cart\tests\Unit\Cart\CartTest.php" line="154" assertions="1" time="0.807485"/>
        <testcase name="test_it_can_empty_product" class="Tests\Unit\Cart\CartTest" classname="Tests.Unit.Cart.CartTest" file="C:\laragon\www\cart\tests\Unit\Cart\CartTest.php" line="176" assertions="1" time="0.956124"/>
      </testsuite>
      <testsuite name="Tests\Unit\Models\Addresses\AddressTest" file="C:\laragon\www\cart\tests\Unit\Models\Addresses\AddressTest.php" tests="3" assertions="3" errors="0" failures="0" skipped="0" time="4.193622">
        <testcase name="test_it_belongs_to_a_user" class="Tests\Unit\Models\Addresses\AddressTest" classname="Tests.Unit.Models.Addresses.AddressTest" file="C:\laragon\www\cart\tests\Unit\Models\Addresses\AddressTest.php" line="21" assertions="1" time="1.845055"/>
        <testcase name="test_address_has_one_subdistrict" class="Tests\Unit\Models\Addresses\AddressTest" classname="Tests.Unit.Models.Addresses.AddressTest" file="C:\laragon\www\cart\tests\Unit\Models\Addresses\AddressTest.php" line="35" assertions="1" time="1.018911"/>
        <testcase name="test_it_sets_old_addresses_to_not_default_when_creating" class="Tests\Unit\Models\Addresses\AddressTest" classname="Tests.Unit.Models.Addresses.AddressTest" file="C:\laragon\www\cart\tests\Unit\Models\Addresses\AddressTest.php" line="51" assertions="1" time="1.329656"/>
      </testsuite>
      <testsuite name="Tests\Unit\Models\Categories\CategoryTest" file="C:\laragon\www\cart\tests\Unit\Models\Categories\CategoryTest.php" tests="4" assertions="4" errors="0" failures="0" skipped="0" time="5.303187">
        <testcase name="test_it_has_many_children" class="Tests\Unit\Models\Categories\CategoryTest" classname="Tests.Unit.Models.Categories.CategoryTest" file="C:\laragon\www\cart\tests\Unit\Models\Categories\CategoryTest.php" line="18" assertions="1" time="1.705257"/>
        <testcase name="test_it_can_fetch_only_parent" class="Tests\Unit\Models\Categories\CategoryTest" classname="Tests.Unit.Models.Categories.CategoryTest" file="C:\laragon\www\cart\tests\Unit\Models\Categories\CategoryTest.php" line="34" assertions="1" time="1.077889"/>
        <testcase name="test_it_is_orderable_by_a_numbered_order" class="Tests\Unit\Models\Categories\CategoryTest" classname="Tests.Unit.Models.Categories.CategoryTest" file="C:\laragon\www\cart\tests\Unit\Models\Categories\CategoryTest.php" line="50" assertions="1" time="0.849348"/>
        <testcase name="test_it_has_may_products" class="Tests\Unit\Models\Categories\CategoryTest" classname="Tests.Unit.Models.Categories.CategoryTest" file="C:\laragon\www\cart\tests\Unit\Models\Categories\CategoryTest.php" line="68" assertions="1" time="1.670693"/>
      </testsuite>
      <testsuite name="Tests\Unit\Models\City\CityTest" file="C:\laragon\www\cart\tests\Unit\Models\City\CityTest.php" tests="1" assertions="1" errors="0" failures="0" skipped="0" time="0.623459">
        <testcase name="testExample" class="Tests\Unit\Models\City\CityTest" classname="Tests.Unit.Models.City.CityTest" file="C:\laragon\www\cart\tests\Unit\Models\City\CityTest.php" line="16" assertions="1" time="0.623459"/>
      </testsuite>
      <testsuite name="Tests\Unit\Models\ProductVariation\ProductVariationTest" file="C:\laragon\www\cart\tests\Unit\Models\ProductVariation\ProductVariationTest.php" tests="4" assertions="5" errors="0" failures="0" skipped="0" time="5.238242">
        <testcase name="test_product_variation_in_stock" class="Tests\Unit\Models\ProductVariation\ProductVariationTest" classname="Tests.Unit.Models.ProductVariation.ProductVariationTest" file="C:\laragon\www\cart\tests\Unit\Models\ProductVariation\ProductVariationTest.php" line="23" assertions="1" time="0.873066"/>
        <testcase name="test_product_variation_has_weight_in_variations" class="Tests\Unit\Models\ProductVariation\ProductVariationTest" classname="Tests.Unit.Models.ProductVariation.ProductVariationTest" file="C:\laragon\www\cart\tests\Unit\Models\ProductVariation\ProductVariationTest.php" line="39" assertions="2" time="1.083124"/>
        <testcase name="test_product_variations_min_stock" class="Tests\Unit\Models\ProductVariation\ProductVariationTest" classname="Tests.Unit.Models.ProductVariation.ProductVariationTest" file="C:\laragon\www\cart\tests\Unit\Models\ProductVariation\ProductVariationTest.php" line="64" assertions="1" time="1.833281"/>
        <testcase name="test_product_variations_belongs_to_product_variation_order" class="Tests\Unit\Models\ProductVariation\ProductVariationTest" classname="Tests.Unit.Models.ProductVariation.ProductVariationTest" file="C:\laragon\www\cart\tests\Unit\Models\ProductVariation\ProductVariationTest.php" line="89" assertions="1" time="1.448771"/>
      </testsuite>
      <testsuite name="Tests\Unit\Models\Product\ProductTest" file="C:\laragon\www\cart\tests\Unit\Models\Product\ProductTest.php" tests="11" assertions="12" errors="0" failures="0" skipped="0" time="16.088858">
        <testcase name="test_it_uses_the_slug_for_the_route_key_name" class="Tests\Unit\Models\Product\ProductTest" classname="Tests.Unit.Models.Product.ProductTest" file="C:\laragon\www\cart\tests\Unit\Models\Product\ProductTest.php" line="21" assertions="1" time="0.650157"/>
        <testcase name="test_it_has_many_categories" class="Tests\Unit\Models\Product\ProductTest" classname="Tests.Unit.Models.Product.ProductTest" file="C:\laragon\www\cart\tests\Unit\Models\Product\ProductTest.php" line="33" assertions="1" time="1.920786"/>
        <testcase name="test_it_has_many_variations" class="Tests\Unit\Models\Product\ProductTest" classname="Tests.Unit.Models.Product.ProductTest" file="C:\laragon\www\cart\tests\Unit\Models\Product\ProductTest.php" line="49" assertions="2" time="1.041013"/>
        <testcase name="test_it_returns_the_product_price_if_price_is_null" class="Tests\Unit\Models\Product\ProductTest" classname="Tests.Unit.Models.Product.ProductTest" file="C:\laragon\www\cart\tests\Unit\Models\Product\ProductTest.php" line="97" assertions="1" time="0.996318"/>
        <testcase name="test_checking_variations_price" class="Tests\Unit\Models\Product\ProductTest" classname="Tests.Unit.Models.Product.ProductTest" file="C:\laragon\www\cart\tests\Unit\Models\Product\ProductTest.php" line="116" assertions="1" time="2.021856"/>
        <testcase name="test_it_has_many_stocks" class="Tests\Unit\Models\Product\ProductTest" classname="Tests.Unit.Models.Product.ProductTest" file="C:\laragon\www\cart\tests\Unit\Models\Product\ProductTest.php" line="135" assertions="1" time="1.058829"/>
        <testcase name="test_it_has_stock_information" class="Tests\Unit\Models\Product\ProductTest" classname="Tests.Unit.Models.Product.ProductTest" file="C:\laragon\www\cart\tests\Unit\Models\Product\ProductTest.php" line="151" assertions="1" time="1.232759"/>
        <testcase name="test_it_has_stock_count_pivot_within_stock_information" class="Tests\Unit\Models\Product\ProductTest" classname="Tests.Unit.Models.Product.ProductTest" file="C:\laragon\www\cart\tests\Unit\Models\Product\ProductTest.php" line="167" assertions="1" time="2.092601"/>
        <testcase name="test_it_has_in_stock_within_stock_information" class="Tests\Unit\Models\Product\ProductTest" classname="Tests.Unit.Models.Product.ProductTest" file="C:\laragon\www\cart\tests\Unit\Models\Product\ProductTest.php" line="185" assertions="1" time="0.864646"/>
        <testcase name="test_it_can_checks_if_its_in_stcok" class="Tests\Unit\Models\Product\ProductTest" classname="Tests.Unit.Models.Product.ProductTest" file="C:\laragon\www\cart\tests\Unit\Models\Product\ProductTest.php" line="201" assertions="1" time="1.114453"/>
        <testcase name="test_it_can_checks_if_its_in_stocks" class="Tests\Unit\Models\Product\ProductTest" classname="Tests.Unit.Models.Product.ProductTest" file="C:\laragon\www\cart\tests\Unit\Models\Product\ProductTest.php" line="219" assertions="1" time="3.095440"/>
      </testsuite>
      <testsuite name="Tests\Unit\Models\Province\ProvinceTest" file="C:\laragon\www\cart\tests\Unit\Models\Province\ProvinceTest.php" tests="3" assertions="3" errors="0" failures="0" skipped="0" time="4.928376">
        <testcase name="test_province_has_many_cities" class="Tests\Unit\Models\Province\ProvinceTest" classname="Tests.Unit.Models.Province.ProvinceTest" file="C:\laragon\www\cart\tests\Unit\Models\Province\ProvinceTest.php" line="19" assertions="1" time="2.350102"/>
        <testcase name="test_province_has_many_cities_in_different_way" class="Tests\Unit\Models\Province\ProvinceTest" classname="Tests.Unit.Models.Province.ProvinceTest" file="C:\laragon\www\cart\tests\Unit\Models\Province\ProvinceTest.php" line="38" assertions="1" time="1.511682"/>
        <testcase name="test_province_has_many_through_subdistrict" class="Tests\Unit\Models\Province\ProvinceTest" classname="Tests.Unit.Models.Province.ProvinceTest" file="C:\laragon\www\cart\tests\Unit\Models\Province\ProvinceTest.php" line="57" assertions="1" time="1.066592"/>
      </testsuite>
      <testsuite name="Tests\Unit\Models\Subdistrict\SubdistrictTest" file="C:\laragon\www\cart\tests\Unit\Models\Subdistrict\SubdistrictTest.php" tests="1" assertions="1" errors="0" failures="0" skipped="0" time="2.216512">
        <testcase name="test_it_belongs_to_city" class="Tests\Unit\Models\Subdistrict\SubdistrictTest" classname="Tests.Unit.Models.Subdistrict.SubdistrictTest" file="C:\laragon\www\cart\tests\Unit\Models\Subdistrict\SubdistrictTest.php" line="20" assertions="1" time="2.216512"/>
      </testsuite>
      <testsuite name="Tests\Unit\Models\Users\UserTest" file="C:\laragon\www\cart\tests\Unit\Models\Users\UserTest.php" tests="4" assertions="4" errors="0" failures="0" skipped="0" time="3.980665">
        <testcase name="test_it_hashes_the_password_when_creating" class="Tests\Unit\Models\Users\UserTest" classname="Tests.Unit.Models.Users.UserTest" file="C:\laragon\www\cart\tests\Unit\Models\Users\UserTest.php" line="19" assertions="1" time="0.864694"/>
        <testcase name="test_it_has_many_cart_products" class="Tests\Unit\Models\Users\UserTest" classname="Tests.Unit.Models.Users.UserTest" file="C:\laragon\www\cart\tests\Unit\Models\Users\UserTest.php" line="33" assertions="1" time="0.948968"/>
        <testcase name="test_it_has_quantity_of_each_cart" class="Tests\Unit\Models\Users\UserTest" classname="Tests.Unit.Models.Users.UserTest" file="C:\laragon\www\cart\tests\Unit\Models\Users\UserTest.php" line="49" assertions="1" time="1.538738"/>
        <testcase name="test_it_has_many_addresses" class="Tests\Unit\Models\Users\UserTest" classname="Tests.Unit.Models.Users.UserTest" file="C:\laragon\www\cart\tests\Unit\Models\Users\UserTest.php" line="67" assertions="1" time="0.628265"/>
      </testsuite>
    </testsuite>
    <testsuite name="Feature" tests="33" assertions="45" errors="0" failures="0" skipped="0" time="30.700764">
      <testsuite name="Tests\Feature\Auth\LoginTest" file="C:\laragon\www\cart\tests\Feature\Auth\LoginTest.php" tests="4" assertions="7" errors="0" failures="0" skipped="0" time="3.601736">
        <testcase name="test_it_requires_an_email" class="Tests\Feature\Auth\LoginTest" classname="Tests.Feature.Auth.LoginTest" file="C:\laragon\www\cart\tests\Feature\Auth\LoginTest.php" line="17" assertions="2" time="0.666959"/>
        <testcase name="test_it_requires_a_password" class="Tests\Feature\Auth\LoginTest" classname="Tests.Feature.Auth.LoginTest" file="C:\laragon\www\cart\tests\Feature\Auth\LoginTest.php" line="28" assertions="2" time="0.673862"/>
        <testcase name="test_it_returns_a_validation_error_if_credentials_dont_match" class="Tests\Feature\Auth\LoginTest" classname="Tests.Feature.Auth.LoginTest" file="C:\laragon\www\cart\tests\Feature\Auth\LoginTest.php" line="39" assertions="2" time="0.669391"/>
        <testcase name="test_it_returns_a_validation_error_if_credentials_dont_matchs" class="Tests\Feature\Auth\LoginTest" classname="Tests.Feature.Auth.LoginTest" file="C:\laragon\www\cart\tests\Feature\Auth\LoginTest.php" line="54" assertions="1" time="1.591524"/>
      </testsuite>
      <testsuite name="Tests\Feature\Auth\MeTest" file="C:\laragon\www\cart\tests\Feature\Auth\MeTest.php" tests="2" assertions="2" errors="0" failures="0" skipped="0" time="1.414137">
        <testcase name="test_it_fails_if_user_isnt_authenticated" class="Tests\Feature\Auth\MeTest" classname="Tests.Feature.Auth.MeTest" file="C:\laragon\www\cart\tests\Feature\Auth\MeTest.php" line="17" assertions="1" time="0.658776"/>
        <testcase name="test_it_returns_user_details" class="Tests\Feature\Auth\MeTest" classname="Tests.Feature.Auth.MeTest" file="C:\laragon\www\cart\tests\Feature\Auth\MeTest.php" line="28" assertions="1" time="0.755361"/>
      </testsuite>
      <testsuite name="Tests\Feature\Auth\RegistrationTest" file="C:\laragon\www\cart\tests\Feature\Auth\RegistrationTest.php" tests="6" assertions="10" errors="0" failures="0" skipped="0" time="4.911735">
        <testcase name="test_it_requires_a_name" class="Tests\Feature\Auth\RegistrationTest" classname="Tests.Feature.Auth.RegistrationTest" file="C:\laragon\www\cart\tests\Feature\Auth\RegistrationTest.php" line="17" assertions="2" time="0.615653"/>
        <testcase name="test_it_requires_a_email" class="Tests\Feature\Auth\RegistrationTest" classname="Tests.Feature.Auth.RegistrationTest" file="C:\laragon\www\cart\tests\Feature\Auth\RegistrationTest.php" line="28" assertions="2" time="0.613945"/>
        <testcase name="test_it_requires_a_valid_email" class="Tests\Feature\Auth\RegistrationTest" classname="Tests.Feature.Auth.RegistrationTest" file="C:\laragon\www\cart\tests\Feature\Auth\RegistrationTest.php" line="39" assertions="2" time="1.585924"/>
        <testcase name="test_it_requires_a_unique_email" class="Tests\Feature\Auth\RegistrationTest" classname="Tests.Feature.Auth.RegistrationTest" file="C:\laragon\www\cart\tests\Feature\Auth\RegistrationTest.php" line="51" assertions="2" time="0.773227"/>
        <testcase name="test_it_registered" class="Tests\Feature\Auth\RegistrationTest" classname="Tests.Feature.Auth.RegistrationTest" file="C:\laragon\www\cart\tests\Feature\Auth\RegistrationTest.php" line="65" assertions="1" time="0.685919"/>
        <testcase name="test_it_returns_a_user_on_registration" class="Tests\Feature\Auth\RegistrationTest" classname="Tests.Feature.Auth.RegistrationTest" file="C:\laragon\www\cart\tests\Feature\Auth\RegistrationTest.php" line="86" assertions="1" time="0.637067"/>
      </testsuite>
      <testsuite name="Tests\Feature\Cart\CartStoreTest" file="C:\laragon\www\cart\tests\Feature\Cart\CartStoreTest.php" tests="2" assertions="3" errors="0" failures="0" skipped="0" time="2.336353">
        <testcase name="test_it_fails_it_unauthenticated" class="Tests\Feature\Cart\CartStoreTest" classname="Tests.Feature.Cart.CartStoreTest" file="C:\laragon\www\cart\tests\Feature\Cart\CartStoreTest.php" line="19" assertions="1" time="0.599841"/>
        <testcase name="test_it_required_product_details" class="Tests\Feature\Cart\CartStoreTest" classname="Tests.Feature.Cart.CartStoreTest" file="C:\laragon\www\cart\tests\Feature\Cart\CartStoreTest.php" line="31" assertions="2" time="1.736512"/>
      </testsuite>
      <testsuite name="Tests\Feature\Cart\CartUpdateTest" file="C:\laragon\www\cart\tests\Feature\Cart\CartUpdateTest.php" tests="4" assertions="5" errors="0" failures="0" skipped="0" time="3.946789">
        <testcase name="test_it_fails_if_unauthenticated" class="Tests\Feature\Cart\CartUpdateTest" classname="Tests.Feature.Cart.CartUpdateTest" file="C:\laragon\www\cart\tests\Feature\Cart\CartUpdateTest.php" line="18" assertions="1" time="0.590225"/>
        <testcase name="test_it_product_cant_be_found" class="Tests\Feature\Cart\CartUpdateTest" classname="Tests.Feature.Cart.CartUpdateTest" file="C:\laragon\www\cart\tests\Feature\Cart\CartUpdateTest.php" line="29" assertions="1" time="0.735115"/>
        <testcase name="test_it_product_requires_quantity" class="Tests\Feature\Cart\CartUpdateTest" classname="Tests.Feature.Cart.CartUpdateTest" file="C:\laragon\www\cart\tests\Feature\Cart\CartUpdateTest.php" line="43" assertions="2" time="0.814171"/>
        <testcase name="test_it_can_update_the_quantity_of_product" class="Tests\Feature\Cart\CartUpdateTest" classname="Tests.Feature.Cart.CartUpdateTest" file="C:\laragon\www\cart\tests\Feature\Cart\CartUpdateTest.php" line="60" assertions="1" time="1.807278"/>
      </testsuite>
      <testsuite name="Tests\Feature\Cart\DestroyCartTest" file="C:\laragon\www\cart\tests\Feature\Cart\DestroyCartTest.php" tests="3" assertions="3" errors="0" failures="0" skipped="0" time="2.214115">
        <testcase name="test_it_fails_if_unauthenticated" class="Tests\Feature\Cart\DestroyCartTest" classname="Tests.Feature.Cart.DestroyCartTest" file="C:\laragon\www\cart\tests\Feature\Cart\DestroyCartTest.php" line="18" assertions="1" time="0.624195"/>
        <testcase name="test_it_product_cant_be_found" class="Tests\Feature\Cart\DestroyCartTest" classname="Tests.Feature.Cart.DestroyCartTest" file="C:\laragon\www\cart\tests\Feature\Cart\DestroyCartTest.php" line="29" assertions="1" time="0.738724"/>
        <testcase name="test_it_product_cant_be_delete" class="Tests\Feature\Cart\DestroyCartTest" classname="Tests.Feature.Cart.DestroyCartTest" file="C:\laragon\www\cart\tests\Feature\Cart\DestroyCartTest.php" line="42" assertions="1" time="0.851196"/>
      </testsuite>
      <testsuite name="Tests\Feature\Categories\CategoryIndexTest" file="C:\laragon\www\cart\tests\Feature\Categories\CategoryIndexTest.php" tests="3" assertions="4" errors="0" failures="0" skipped="0" time="2.948855">
        <testcase name="test_it_return_a_collection_of_categories" class="Tests\Feature\Categories\CategoryIndexTest" classname="Tests.Feature.Categories.CategoryIndexTest" file="C:\laragon\www\cart\tests\Feature\Categories\CategoryIndexTest.php" line="17" assertions="2" time="1.541307"/>
        <testcase name="test_it_returns_only_parent_categories" class="Tests\Feature\Categories\CategoryIndexTest" classname="Tests.Feature.Categories.CategoryIndexTest" file="C:\laragon\www\cart\tests\Feature\Categories\CategoryIndexTest.php" line="42" assertions="1" time="0.703207"/>
        <testcase name="test_it_returns_categories_ordered_by_their_given_order" class="Tests\Feature\Categories\CategoryIndexTest" classname="Tests.Feature.Categories.CategoryIndexTest" file="C:\laragon\www\cart\tests\Feature\Categories\CategoryIndexTest.php" line="60" assertions="1" time="0.704341"/>
      </testsuite>
      <testsuite name="Tests\Feature\Products\ProductIndexTest" file="C:\laragon\www\cart\tests\Feature\Products\ProductIndexTest.php" tests="2" assertions="4" errors="0" failures="0" skipped="0" time="1.288716">
        <testcase name="test_it_shows_a_collection_of_products" class="Tests\Feature\Products\ProductIndexTest" classname="Tests.Feature.Products.ProductIndexTest" file="C:\laragon\www\cart\tests\Feature\Products\ProductIndexTest.php" line="17" assertions="1" time="0.687792"/>
        <testcase name="test_it_has_paginated_data" class="Tests\Feature\Products\ProductIndexTest" classname="Tests.Feature.Products.ProductIndexTest" file="C:\laragon\www\cart\tests\Feature\Products\ProductIndexTest.php" line="32" assertions="3" time="0.600924"/>
      </testsuite>
      <testsuite name="Tests\Feature\Products\ProductScopingTest" file="C:\laragon\www\cart\tests\Feature\Products\ProductScopingTest.php" tests="2" assertions="2" errors="0" failures="0" skipped="0" time="4.480608">
        <testcase name="test_it_can_be_scope_by_category" class="Tests\Feature\Products\ProductScopingTest" classname="Tests.Feature.Products.ProductScopingTest" file="C:\laragon\www\cart\tests\Feature\Products\ProductScopingTest.php" line="25" assertions="1" time="1.617041"/>
        <testcase name="test_it_can_be_scope_by_popular" class="Tests\Feature\Products\ProductScopingTest" classname="Tests.Feature.Products.ProductScopingTest" file="C:\laragon\www\cart\tests\Feature\Products\ProductScopingTest.php" line="44" assertions="1" time="2.863567"/>
      </testsuite>
      <testsuite name="Tests\Feature\Products\ProductShowTest" file="C:\laragon\www\cart\tests\Feature\Products\ProductShowTest.php" tests="2" assertions="2" errors="0" failures="0" skipped="0" time="1.821295">
        <testcase name="test_it_fails_if_a_product_cant_be_found" class="Tests\Feature\Products\ProductShowTest" classname="Tests.Feature.Products.ProductShowTest" file="C:\laragon\www\cart\tests\Feature\Products\ProductShowTest.php" line="17" assertions="1" time="1.137927"/>
        <testcase name="test_it_shows_a_product" class="Tests\Feature\Products\ProductShowTest" classname="Tests.Feature.Products.ProductShowTest" file="C:\laragon\www\cart\tests\Feature\Products\ProductShowTest.php" line="28" assertions="1" time="0.683368"/>
      </testsuite>
      <testsuite name="Tests\Feature\Products\ProductVariationTest" file="C:\laragon\www\cart\tests\Feature\Products\ProductVariationTest.php" tests="3" assertions="3" errors="0" failures="0" skipped="0" time="1.736426">
        <testcase name="test_it_has_one_variation_type" class="Tests\Feature\Products\ProductVariationTest" classname="Tests.Feature.Products.ProductVariationTest" file="C:\laragon\www\cart\tests\Feature\Products\ProductVariationTest.php" line="21" assertions="1" time="0.569036"/>
        <testcase name="test_it_belongs_to_a_product" class="Tests\Feature\Products\ProductVariationTest" classname="Tests.Feature.Products.ProductVariationTest" file="C:\laragon\www\cart\tests\Feature\Products\ProductVariationTest.php" line="33" assertions="1" time="0.576604"/>
        <testcase name="test_it_has_many_stocks" class="Tests\Feature\Products\ProductVariationTest" classname="Tests.Feature.Products.ProductVariationTest" file="C:\laragon\www\cart\tests\Feature\Products\ProductVariationTest.php" line="71" assertions="1" time="0.590786"/>
      </testsuite>
    </testsuite>
  </testsuite>
</testsuites>
